<?xml version="1.0" encoding="UTF-8"?>
<!-- Generated by org.testng.reporters.JUnitXMLReporter -->
<testsuite hostname="somesh-PC" name="ORHRM" tests="2" failures="1" timestamp="5 Jun 2018 04:32:40 GMT" time="11.828" errors="0">
  <testcase name="addEmp" time="6.55" classname="com.testng.AddEmp"/>
  <testcase name="empList" time="0.001" classname="com.testng.empList">
    <failure type="java.lang.NullPointerException">
      <![CDATA[java.lang.NullPointerException
	at com.testng.empList.empList(empList.java:14)
... Removed 24 stack frames]]>
    </failure>
  </testcase> <!-- empList -->
</testsuite> <!-- ORHRM -->
