<?xml version="1.0" encoding="UTF-8"?>
<!-- Generated by org.testng.reporters.JUnitXMLReporter -->
<testsuite hostname="somesh-PC" name="Smoke" tests="8" failures="0" timestamp="5 Jun 2018 04:16:16 GMT" time="21.798" errors="0">
  <testcase name="adminLogin" time="10.309" classname="com.testng.AdminLoginTest"/>
  <testcase name="method1" time="0.002" classname="com.testng.Annotation"/>
  <testcase name="method" time="0.002" classname="com.testng.Annotation"/>
  <testcase name="first" time="0.001" classname="com.testng.FirstTestNg"/>
  <testcase name="appLogin" time="3.993" classname="com.testng.BeforeTestAfterTest"/>
  <testcase name="appLaunch" time="0.001" classname="com.testng.MultipleTestNg"/>
  <testcase name="appLogin" time="0.002" classname="com.testng.MultipleTestNg"/>
  <testcase name="appClose" time="0.0" classname="com.testng.MultipleTestNg"/>
</testsuite> <!-- Smoke -->
