<?xml version="1.0" encoding="UTF-8"?>
<!-- Generated by org.testng.reporters.JUnitXMLReporter -->
<testsuite hostname="somesh-PC" name="ORHRM1" tests="2" failures="1" timestamp="29 Sep 2018 11:29:45 GMT" time="10.082" errors="0">
  <testcase name="addEmp" time="4.075" classname="com.testng.AddEmp"/>
  <testcase name="empList" time="0.0" classname="com.testng.empList">
    <failure type="java.lang.NullPointerException">
      <![CDATA[java.lang.NullPointerException
	at com.testng.empList.empList(empList.java:14)
... Removed 24 stack frames]]>
    </failure>
  </testcase> <!-- empList -->
</testsuite> <!-- ORHRM1 -->
